<?xml version="1.0" encoding="UTF-8"?>
<testsuite name="Cucumber" time="22.734" tests="2" skipped="0" failures="1" errors="0">
<testcase classname="Inicio de sesión en SauceDemo" name="Inicio de sesión exitoso con credenciales válidas" time="13.068">
<failure type="org.opentest4j.AssertionFailedError" message="expected: &lt;PRODUCTS&gt; but was: &lt;Products&gt;">
<![CDATA[org.opentest4j.AssertionFailedError: expected: <PRODUCTS> but was: <Products>
	at org.junit.jupiter.api.AssertionFailureBuilder.build(AssertionFailureBuilder.java:151)
	at org.junit.jupiter.api.AssertionFailureBuilder.buildAndThrow(AssertionFailureBuilder.java:132)
	at org.junit.jupiter.api.AssertEquals.failNotEqual(AssertEquals.java:197)
	at org.junit.jupiter.api.AssertEquals.assertEquals(AssertEquals.java:182)
	at org.junit.jupiter.api.AssertEquals.assertEquals(AssertEquals.java:177)
	at org.junit.jupiter.api.Assertions.assertEquals(Assertions.java:1142)
	at com.saucedemo.stepdefinitions.LoginStepDefinitions.deboVerElT�tulo(LoginStepDefinitions.java:60)
	at ?.debo ver el t�tulo "PRODUCTS"(classpath:features/login.feature:13)
]]>
</failure>
<system-out><![CDATA[
Dado que estoy en la página de inicio de SauceDemo..........................passed
Cuando ingreso el nombre de usuario "standard_user" y la contraseña "secret_sauce".passed
Y hago clic en el botón de inicio de sesión.................................passed
Entonces debo ser redirigido a la página de productos.......................passed
Y debo ver el título "PRODUCTS".............................................failed
]]></system-out>
</testcase>
<testcase classname="Inicio de sesión en SauceDemo" name="Inicio de sesión fallido con credenciales inválidas" time="9.451">
<system-out><![CDATA[
Dado que estoy en la página de inicio de SauceDemo..........................passed
Cuando ingreso el nombre de usuario "usuario_invalido" y la contraseña "contraseña_invalida".passed
Y hago clic en el botón de inicio de sesión.................................passed
Entonces debo ver un mensaje de error que diga "Epic sadface: Username and password do not match any user in this service".passed
]]></system-out>
</testcase>
</testsuite>
