<?xml version="1.0" encoding="UTF-8"?>
<testsuite xmlns:xsi="http://www.w3.org/2001/XMLSchema-instance" xsi:noNamespaceSchemaLocation="https://maven.apache.org/surefire/maven-surefire-plugin/xsd/surefire-test-report-3.0.xsd" version="3.0" name="com.saucedemo.runners.CucumberTestSuite" time="22.953" tests="2" errors="0" skipped="0" failures="1">
  <properties>
[...]
</properties>
  <testcase name="Inicio de sesión exitoso con credenciales válidas" classname="Inicio de sesión en SauceDemo" time="13.184">
    <failure message="expected: &lt;PRODUCTS&gt; but was: &lt;Products&gt;" type="org.opentest4j.AssertionFailedError"><![CDATA[org.opentest4j.AssertionFailedError: expected: <PRODUCTS> but was: <Products>
	at org.junit.jupiter.api.AssertionFailureBuilder.build(AssertionFailureBuilder.java:151)
	at org.junit.jupiter.api.AssertionFailureBuilder.buildAndThrow(AssertionFailureBuilder.java:132)
	at org.junit.jupiter.api.AssertEquals.failNotEqual(AssertEquals.java:197)
	at org.junit.jupiter.api.AssertEquals.assertEquals(AssertEquals.java:182)
	at org.junit.jupiter.api.AssertEquals.assertEquals(AssertEquals.java:177)
	at org.junit.jupiter.api.Assertions.assertEquals(Assertions.java:1142)
	at com.saucedemo.stepdefinitions.LoginStepDefinitions.deboVerElTítulo(LoginStepDefinitions.java:60)
	at ✽.debo ver el título "PRODUCTS"(classpath:features/login.feature:13)
]]></failure>
    <system-out><![CDATA[
@saucedemo
Escenario: Inicio de sesiÃ³n exitoso con credenciales vÃ¡lidas                         # features/login.feature:8

=== Inicializando TestContext ===
Ruta del controlador: C:\\Users\\lucaf\\OneDrive\\Escritorio\\Luca\\Sistemas\\Prueba de Software\\tp3\\drivers\\msedgedriver.exe
Iniciando Microsoft Edge...
EdgeDriver iniciado correctamente
  Dado que estoy en la pÃ¡gina de inicio de SauceDemo                                 # com.saucedemo.stepdefinitions.LoginStepDefinitions.queEstoyEnLaPÃ¡ginaDeInicioDeSauceDemo()
  Cuando ingreso el nombre de usuario "standard_user" y la contraseÃ±a "secret_sauce" # com.saucedemo.stepdefinitions.LoginStepDefinitions.ingresoElNombreDeUsuarioYLaContraseÃ±a(java.lang.String,java.lang.String)
  Y hago clic en el botÃ³n de inicio de sesiÃ³n                                        # com.saucedemo.stepdefinitions.LoginStepDefinitions.hagoClicEnElBotÃ³nDeInicioDeSesiÃ³n()
  Entonces debo ser redirigido a la pÃ¡gina de productos                              # com.saucedemo.stepdefinitions.LoginStepDefinitions.deboSerRedirigidoALaPÃ¡ginaDeProductos()
  Y debo ver el tÃ­tulo "PRODUCTS"                                                    # com.saucedemo.stepdefinitions.LoginStepDefinitions.deboVerElTÃ­tulo(java.lang.String)
      org.opentest4j.AssertionFailedError: expected: <PRODUCTS> but was: <Products>
	at org.junit.jupiter.api.AssertionFailureBuilder.build(AssertionFailureBuilder.java:151)
	at org.junit.jupiter.api.AssertionFailureBuilder.buildAndThrow(AssertionFailureBuilder.java:132)
	at org.junit.jupiter.api.AssertEquals.failNotEqual(AssertEquals.java:197)
	at org.junit.jupiter.api.AssertEquals.assertEquals(AssertEquals.java:182)
	at org.junit.jupiter.api.AssertEquals.assertEquals(AssertEquals.java:177)
	at org.junit.jupiter.api.Assertions.assertEquals(Assertions.java:1142)
	at com.saucedemo.stepdefinitions.LoginStepDefinitions.deboVerElTÃ­tulo(LoginStepDefinitions.java:60)
	at âœ½.debo ver el tÃ­tulo "PRODUCTS"(classpath:features/login.feature:13)

]]></system-out>
    <system-err><![CDATA[nov. 07, 2025 3:51:18 P. M. org.openqa.selenium.remote.service.DriverService$Builder getLogOutput
INFO: Driver logs no longer sent to console by default; https://www.selenium.dev/documentation/webdriver/drivers/service/#setting-log-output
SLF4J: Failed to load class "org.slf4j.impl.StaticLoggerBinder".
SLF4J: Defaulting to no-operation (NOP) logger implementation
SLF4J: See http://www.slf4j.org/codes.html#StaticLoggerBinder for further details.
nov. 07, 2025 3:51:20 P. M. org.openqa.selenium.devtools.CdpVersionFinder findNearestMatch
WARNING: Unable to find CDP implementation matching 142
nov. 07, 2025 3:51:20 P. M. org.openqa.selenium.chromium.ChromiumDriver lambda$new$4
WARNING: Unable to find version of CDP to use for . You may need to include a dependency on a specific version of the CDP using something similar to `org.seleniumhq.selenium:selenium-devtools-v86:4.10.0` where the version ("v86") matches the version of the chromium-based browser you're using and the version number of the artifact is the same as Selenium's.
]]></system-err>
  </testcase>
  <testcase name="Inicio de sesión fallido con credenciales inválidas" classname="Inicio de sesión en SauceDemo" time="9.456">
    <system-out><![CDATA[
@saucedemo
Escenario: Inicio de sesiÃ³n fallido con credenciales invÃ¡lidas                                                               # features/login.feature:15
  Dado que estoy en la pÃ¡gina de inicio de SauceDemo                                                                         # com.saucedemo.stepdefinitions.LoginStepDefinitions.queEstoyEnLaPÃ¡ginaDeInicioDeSauceDemo()
  Cuando ingreso el nombre de usuario "usuario_invalido" y la contraseÃ±a "contraseÃ±a_invalida"                               # com.saucedemo.stepdefinitions.LoginStepDefinitions.ingresoElNombreDeUsuarioYLaContraseÃ±a(java.lang.String,java.lang.String)
  Y hago clic en el botÃ³n de inicio de sesiÃ³n                                                                                # com.saucedemo.stepdefinitions.LoginStepDefinitions.hagoClicEnElBotÃ³nDeInicioDeSesiÃ³n()
  Entonces debo ver un mensaje de error que diga "Epic sadface: Username and password do not match any user in this service" # com.saucedemo.stepdefinitions.LoginStepDefinitions.deboVerUnMensajeDeErrorQueDiga(java.lang.String)
]]></system-out>
  </testcase>
</testsuite>